<?xml version="1.0" encoding="UTF-8"?>
<!-- Generated by org.testng.reporters.JUnitXMLReporter -->
<testsuite ignored="9" hostname="SIL-WIN-6" failures="1" tests="6" name="Meghan Fab project test" time="366.378" errors="0" timestamp="27 Jun 2019 10:05:55 GMT">
  <testcase classname="com.qa.testcases.TC2_Register" name="registertestcase" time="81.942">
    <failure type="org.openqa.selenium.NoSuchElementException" message="no such element: Unable to locate element: {&amp;quot;method&amp;quot;:&amp;quot;id&amp;quot;,&amp;quot;selector&amp;quot;:&amp;quot;reg_password&amp;quot;}
  (Session info: chrome=75.0.3770.100)
  (Driver info: chromedriver=74.0.3729.6 (255758eccf3d244491b8a1317aa76e1ce10d57e9-refs/branch-heads/3729@{#29}),platform=Windows NT 10.0.18362 x86_64) (WARNING: The server did not provide any stacktrace information)
Command duration or timeout: 0 milliseconds
For documentation on this error, please visit: https://www.seleniumhq.org/exceptions/no_such_element.html
Build info: version: &amp;apos;4.0.0-alpha-1&amp;apos;, revision: &amp;apos;d1d3728cae&amp;apos;, time: &amp;apos;2019-04-24T13:42:21&amp;apos;
System info: host: &amp;apos;SIL-WIN-6&amp;apos;, ip: &amp;apos;192.168.1.144&amp;apos;, os.name: &amp;apos;Windows 10&amp;apos;, os.arch: &amp;apos;amd64&amp;apos;, os.version: &amp;apos;10.0&amp;apos;, java.version: &amp;apos;12.0.1&amp;apos;
Driver info: org.openqa.selenium.chrome.ChromeDriver
Capabilities {acceptInsecureCerts: false, acceptSslCerts: false, applicationCacheEnabled: false, browserConnectionEnabled: false, browserName: chrome, chrome: {chromedriverVersion: 74.0.3729.6 (255758eccf3d24..., userDataDir: C:\Users\sc\AppData\Local\T...}, cssSelectorsEnabled: true, databaseEnabled: false, goog:chromeOptions: {debuggerAddress: localhost:51793}, handlesAlerts: true, hasTouchScreen: false, javascriptEnabled: true, locationContextEnabled: true, mobileEmulationEnabled: false, nativeEvents: true, networkConnectionEnabled: false, pageLoadStrategy: normal, platform: XP, platformName: XP, proxy: Proxy(), rotatable: false, setWindowRect: true, strictFileInteractability: false, takesHeapSnapshot: true, takesScreenshot: true, timeouts: {implicit: 0, pageLoad: 300000, script: 30000}, unexpectedAlertBehaviour: ignore, unhandledPromptBehavior: ignore, version: 75.0.3770.100, webStorageEnabled: true}
Session ID: c83365bca6c9e54b6f7c2414a7bfeaec
*** Element info: {Using=id, value=reg_password}">
      <![CDATA[org.openqa.selenium.NoSuchElementException: no such element: Unable to locate element: {"method":"id","selector":"reg_password"}
  (Session info: chrome=75.0.3770.100)
  (Driver info: chromedriver=74.0.3729.6 (255758eccf3d244491b8a1317aa76e1ce10d57e9-refs/branch-heads/3729@{#29}),platform=Windows NT 10.0.18362 x86_64) (WARNING: The server did not provide any stacktrace information)
Command duration or timeout: 0 milliseconds
For documentation on this error, please visit: https://www.seleniumhq.org/exceptions/no_such_element.html
Build info: version: '4.0.0-alpha-1', revision: 'd1d3728cae', time: '2019-04-24T13:42:21'
System info: host: 'SIL-WIN-6', ip: '192.168.1.144', os.name: 'Windows 10', os.arch: 'amd64', os.version: '10.0', java.version: '12.0.1'
Driver info: org.openqa.selenium.chrome.ChromeDriver
Capabilities {acceptInsecureCerts: false, acceptSslCerts: false, applicationCacheEnabled: false, browserConnectionEnabled: false, browserName: chrome, chrome: {chromedriverVersion: 74.0.3729.6 (255758eccf3d24..., userDataDir: C:\Users\sc\AppData\Local\T...}, cssSelectorsEnabled: true, databaseEnabled: false, goog:chromeOptions: {debuggerAddress: localhost:51793}, handlesAlerts: true, hasTouchScreen: false, javascriptEnabled: true, locationContextEnabled: true, mobileEmulationEnabled: false, nativeEvents: true, networkConnectionEnabled: false, pageLoadStrategy: normal, platform: XP, platformName: XP, proxy: Proxy(), rotatable: false, setWindowRect: true, strictFileInteractability: false, takesHeapSnapshot: true, takesScreenshot: true, timeouts: {implicit: 0, pageLoad: 300000, script: 30000}, unexpectedAlertBehaviour: ignore, unhandledPromptBehavior: ignore, version: 75.0.3770.100, webStorageEnabled: true}
Session ID: c83365bca6c9e54b6f7c2414a7bfeaec
*** Element info: {Using=id, value=reg_password}
at org.openqa.selenium.remote.ErrorHandler.createThrowable(ErrorHandler.java:214)
at org.openqa.selenium.remote.ErrorHandler.throwIfResponseFailed(ErrorHandler.java:166)
at org.openqa.selenium.remote.codec.jwp.JsonHttpResponseCodec.reconstructValue(JsonHttpResponseCodec.java:41)
at org.openqa.selenium.remote.codec.AbstractHttpResponseCodec.decode(AbstractHttpResponseCodec.java:81)
at org.openqa.selenium.remote.codec.AbstractHttpResponseCodec.decode(AbstractHttpResponseCodec.java:45)
at org.openqa.selenium.remote.HttpCommandExecutor.execute(HttpCommandExecutor.java:161)
at org.openqa.selenium.remote.service.DriverCommandExecutor.execute(DriverCommandExecutor.java:83)
at org.openqa.selenium.remote.RemoteWebDriver.execute(RemoteWebDriver.java:577)
at org.openqa.selenium.remote.RemoteWebDriver.findElement(RemoteWebDriver.java:328)
at org.openqa.selenium.remote.RemoteWebDriver.findElementById(RemoteWebDriver.java:376)
at org.openqa.selenium.By$ById.findElement(By.java:188)
at org.openqa.selenium.remote.RemoteWebDriver.findElement(RemoteWebDriver.java:320)
at com.qa.testcases.TC2_Register.registerpagepasswordtextbox(TC2_Register.java:77)
at com.qa.testcases.TC2_Register.registertestuser(TC2_Register.java:27)
at com.qa.testcases.TC2_Register.registertestcase(TC2_Register.java:15)
... Removed 30 stack frames]]>
    </failure>
  </testcase> <!-- registertestcase -->
  <testcase classname="com.qa.testcases.TC3_BillingAddress" name="billingaddresstestcase" time="67.49"/>
  <testcase classname="com.qa.testcases.TC4_ShippingAddress" name="shippingaddresstestcase" time="58.273"/>
  <testcase classname="com.qa.testcases.TC5_AccountDetails" name="accountdetailstestcase" time="41.857"/>
  <testcase classname="com.qa.testcases.TC1_Login" name="login_both_valid_fields_testcase" time="28.901"/>
  <testcase classname="com.qa.testcases.TC7_Forgot_Password" name="login_both_valid_fields_testcase" time="25.907"/>
  <testcase classname="com.qa.testcases.TC1_Login" name="login_with_username_valid_password_invalid" time="0.0">
    <ignored/>
  </testcase> <!-- login_with_username_valid_password_invalid -->
  <testcase classname="com.qa.testcases.TC1_Login" name="login_with_username_invalid_password_valid" time="0.0">
    <ignored/>
  </testcase> <!-- login_with_username_invalid_password_valid -->
  <testcase classname="com.qa.testcases.TC1_Login" name="login_with_both_fields_blank" time="0.0">
    <ignored/>
  </testcase> <!-- login_with_both_fields_blank -->
  <testcase classname="com.qa.testcases.TC1_Login" name="login_with_both_invalid_fields" time="0.0">
    <ignored/>
  </testcase> <!-- login_with_both_invalid_fields -->
  <testcase classname="com.qa.methods.Defaultmethods" name="@AfterSuite sendemailreport" time="0.0">
    <ignored/>
  </testcase> <!-- @AfterSuite sendemailreport -->
  <testcase classname="com.qa.methods.Defaultmethods" name="@AfterSuite sendemailreport" time="0.0">
    <ignored/>
  </testcase> <!-- @AfterSuite sendemailreport -->
  <testcase classname="com.qa.methods.Defaultmethods" name="@AfterSuite sendemailreport" time="0.0">
    <ignored/>
  </testcase> <!-- @AfterSuite sendemailreport -->
  <testcase classname="com.qa.methods.Defaultmethods" name="@AfterSuite sendemailreport" time="0.0">
    <ignored/>
  </testcase> <!-- @AfterSuite sendemailreport -->
  <testcase classname="com.qa.methods.Defaultmethods" name="@AfterSuite sendemailreport" time="0.0">
    <ignored/>
  </testcase> <!-- @AfterSuite sendemailreport -->
</testsuite> <!-- Meghan Fab project test -->
