<?xml version="1.0" encoding="UTF-8"?>
<!-- Generated by org.testng.reporters.JUnitXMLReporter -->
<testsuite hostname="SIL-WIN-6" failures="0" tests="6" name="Meghan Fab project test" time="0.043" errors="0" timestamp="27 Jun 2019 09:54:51 GMT">
  <testcase classname="com.qa.testcases.TC2_Register" name="@BeforeClass setup" time="0.0">
    <failure type="org.testng.TestNGException" message="
Parameter &amp;apos;browser&amp;apos; is required by @Configuration on method setup but has not been marked @Optional or defined
in C:\Keyur-Data\Key-Sooryen-Eclipse\meghanfabproject\testngsuite\testng.xml">
      <![CDATA[org.testng.TestNGException: 
Parameter 'browser' is required by @Configuration on method setup but has not been marked @Optional or defined
in C:\Keyur-Data\Key-Sooryen-Eclipse\meghanfabproject\testngsuite\testng.xml
... Removed 24 stack frames]]>
    </failure>
  </testcase> <!-- @BeforeClass setup -->
  <testcase classname="com.qa.testcases.TC1_Login" name="@BeforeClass setup" time="0.0">
    <skipped/>
  </testcase> <!-- @BeforeClass setup -->
  <testcase classname="com.qa.testcases.TC3_BillingAddress" name="@BeforeClass setup" time="0.0">
    <skipped/>
  </testcase> <!-- @BeforeClass setup -->
  <testcase classname="com.qa.testcases.TC4_ShippingAddress" name="@BeforeClass setup" time="0.0">
    <skipped/>
  </testcase> <!-- @BeforeClass setup -->
  <testcase classname="com.qa.testcases.TC5_AccountDetails" name="@BeforeClass setup" time="0.0">
    <skipped/>
  </testcase> <!-- @BeforeClass setup -->
  <testcase classname="com.qa.testcases.TC7_Forgot_Password" name="@BeforeClass setup" time="0.0">
    <skipped/>
  </testcase> <!-- @BeforeClass setup -->
  <testcase classname="com.qa.testcases.TC2_Register" name="registertestcase" time="0.004">
    <skipped/>
  </testcase> <!-- registertestcase -->
  <testcase classname="com.qa.testcases.TC1_Login" name="login_both_valid_fields_testcase" time="0.0">
    <skipped/>
  </testcase> <!-- login_both_valid_fields_testcase -->
  <testcase classname="com.qa.testcases.TC3_BillingAddress" name="billingaddresstestcase" time="0.0">
    <skipped/>
  </testcase> <!-- billingaddresstestcase -->
  <testcase classname="com.qa.testcases.TC4_ShippingAddress" name="shippingaddresstestcase" time="0.001">
    <skipped/>
  </testcase> <!-- shippingaddresstestcase -->
  <testcase classname="com.qa.testcases.TC5_AccountDetails" name="accountdetailstestcase" time="0.0">
    <skipped/>
  </testcase> <!-- accountdetailstestcase -->
  <testcase classname="com.qa.testcases.TC7_Forgot_Password" name="login_both_valid_fields_testcase" time="0.0">
    <skipped/>
  </testcase> <!-- login_both_valid_fields_testcase -->
</testsuite> <!-- Meghan Fab project test -->
